<?xml version="1.0" encoding="UTF-8"?>
<testsuite xmlns:xsi="http://www.w3.org/2001/XMLSchema-instance" xsi:noNamespaceSchemaLocation="https://maven.apache.org/surefire/maven-surefire-plugin/xsd/surefire-test-report-3.0.xsd" version="3.0" name="com.mycompany.atividadestestedesoftware.ModificadorAtributoTest" time="0.5" tests="1" errors="0" skipped="0" failures="0">
  <properties>
[...]
</properties>
  <testcase name="testConfereEntre1e30_InvalidValueAbove30" classname="com.mycompany.atividadestestedesoftware.ModificadorAtributoTest" time="0.303"/>
</testsuite>